<?xml version="1.0" encoding="UTF-8"?>
<!-- Generated by org.testng.reporters.JUnitReportReporter -->
<testsuite skipped="0" hostname="DESKTOP-BD3JM2P" name="script.InvalidLogin" tests="1" failures="0" timestamp="2021-07-27T17:50:53 IST" time="32.349" errors="0">
  <testcase name="testInvalidLogin" time="32.349" classname="script.InvalidLogin"/>
  <system-out>
    <![CDATA[RowCount:4
UN:abcd
PW:xyz
UN:admin
PW:damager
UN:admin
PW:
UN:xyz
PW:manager]]>
  </system-out>
</testsuite> <!-- script.InvalidLogin -->
