<?xml version="1.0" encoding="UTF-8"?>
<!-- Generated by org.testng.reporters.JUnitReportReporter -->
<testsuite skipped="0" hostname="DESKTOP-BD3JM2P" name="script.JSExecutor" tests="1" failures="0" timestamp="2021-07-28T17:02:40 IST" time="34.154" errors="0">
  <testcase name="test" time="34.154" classname="script.JSExecutor"/>
  <system-out/>
</testsuite> <!-- script.JSExecutor -->
