<?xml version="1.0" encoding="UTF-8"?>
<!-- Generated by org.testng.reporters.JUnitReportReporter -->
<testsuite skipped="0" hostname="DESKTOP-BD3JM2P" name="script.ValidLogin" tests="1" failures="0" timestamp="2021-07-27T17:50:52 IST" time="27.323" errors="0">
  <testcase name="testValidLogin" time="27.323" classname="script.ValidLogin"/>
  <system-out>
    <![CDATA[Home page is Displayed]]>
  </system-out>
</testsuite> <!-- script.ValidLogin -->
